01-06-2019 16:45:43.2 [INFO] Starting up Sequence...
01-06-2019 16:45:43.4 [INFO] WS Server started on PORT: 3003
01-06-2019 16:45:43.5 [INFO] Express Server started on PORT: 3005
01-06-2019 16:46:06.0 [INFO] Starting up Sequence...
01-06-2019 16:46:06.1 [INFO] WS Server started on PORT: 3003
01-06-2019 16:46:06.2 [INFO] Express Server started on PORT: 3005
01-06-2019 16:46:41.3 [DEBUG] 
{
   "device": "web server2",
   "queueId": "456123",
   "labels": "IMPORTANT,NOTICE"
}
01-06-2019 16:46:41.4 [DEBUG] /describe undefined
01-06-2019 16:47:08.8 [INFO] Starting up Sequence...
01-06-2019 16:47:08.8 [INFO] WS Server started on PORT: 3003
01-06-2019 16:47:08.8 [INFO] Express Server started on PORT: 3005
01-06-2019 16:47:11.2 [DEBUG] 
{
   "device": "web server2",
   "queueId": "456123",
   "labels": "IMPORTANT,NOTICE"
}
01-06-2019 16:47:11.2 [DEBUG] /describe 456123
01-06-2019 16:47:31.6 [INFO] Starting up Sequence...
01-06-2019 16:47:31.6 [INFO] WS Server started on PORT: 3003
01-06-2019 16:47:31.6 [INFO] Express Server started on PORT: 3005
01-06-2019 16:47:40.7 [INFO] Starting up Sequence...
01-06-2019 16:47:40.8 [INFO] WS Server started on PORT: 3003
01-06-2019 16:47:40.8 [INFO] Express Server started on PORT: 3005
01-06-2019 16:47:59.7 [DEBUG] 
{
   "device": "web server2",
   "queueId": "456123",
   "labels": "IMPORTANT,NOTICE ",
   "channels": "sms,email"
}
01-06-2019 16:47:59.8 [DEBUG] /describe 456123
01-06-2019 16:48:28.9 [INFO] Starting up Sequence...
01-06-2019 16:48:28.9 [INFO] WS Server started on PORT: 3003
01-06-2019 16:48:28.9 [INFO] Express Server started on PORT: 3005
01-06-2019 16:50:20.6 [DEBUG] 
{
   "device": "web server2",
   "queueId": "456123",
   "labels": "IMPORTANT,NOTICE ",
   "channels": "sms,email"
}
01-06-2019 16:50:20.7 [DEBUG] /describe 456123
01-06-2019 16:50:20.7 [DEBUG] 
{
   "id": "456123",
   "channels": {
      "sms": [],
      "email": []
   }
}
01-06-2019 16:54:47.2 [INFO] Starting up Sequence...
01-06-2019 16:54:47.3 [INFO] WS Server started on PORT: 3003
01-06-2019 16:54:47.3 [INFO] Express Server started on PORT: 3005
01-06-2019 16:54:55.6 [INFO] Starting up Sequence...
01-06-2019 16:54:55.6 [INFO] WS Server started on PORT: 3003
01-06-2019 16:54:55.6 [INFO] Express Server started on PORT: 3005
01-06-2019 16:55:13.7 [INFO] Starting up Sequence...
01-06-2019 16:55:13.8 [INFO] WS Server started on PORT: 3003
01-06-2019 16:55:13.8 [INFO] Express Server started on PORT: 3005
01-06-2019 16:55:15.7 [INFO] Starting up Sequence...
01-06-2019 16:55:15.7 [INFO] WS Server started on PORT: 3003
01-06-2019 16:55:15.7 [INFO] Express Server started on PORT: 3005
01-06-2019 16:55:23.1 [INFO] Starting up Sequence...
01-06-2019 16:55:23.2 [INFO] WS Server started on PORT: 3003
01-06-2019 16:55:23.3 [INFO] Express Server started on PORT: 3005
01-06-2019 16:56:55.8 [INFO] Starting up Sequence...
01-06-2019 16:56:55.9 [INFO] WS Server started on PORT: 3003
01-06-2019 16:56:55.9 [INFO] Express Server started on PORT: 3005
01-06-2019 16:57:03.1 [INFO] Starting up Sequence...
01-06-2019 16:57:03.1 [INFO] Express Server started on PORT: 3005
01-06-2019 16:57:03.1 [INFO] WS Server started on PORT: 3003
01-06-2019 16:57:15.7 [INFO] Starting up Sequence...
01-06-2019 16:57:15.8 [INFO] WS Server started on PORT: 3003
01-06-2019 16:57:15.8 [INFO] Express Server started on PORT: 3005
01-06-2019 16:57:32.2 [DEBUG] 
{
   "device": "web server2",
   "queueId": "456123",
   "labels": "IMPORTANT,NOTICE ",
   "channels": "sms,email",
   "address": " 226784512"
}
01-06-2019 16:57:32.2 [DEBUG] /describe 456123
01-06-2019 16:57:32.2 [DEBUG] 
{
   "id": "456123",
   "channels": {
      "sms": [],
      "email": []
   }
}
01-06-2019 16:58:01.4 [INFO] Starting up Sequence...
01-06-2019 16:58:01.5 [INFO] WS Server started on PORT: 3003
01-06-2019 16:58:01.5 [INFO] Express Server started on PORT: 3005
01-06-2019 16:58:09.0 [INFO] Starting up Sequence...
01-06-2019 16:58:09.0 [INFO] WS Server started on PORT: 3003
01-06-2019 16:58:09.0 [INFO] Express Server started on PORT: 3005
01-06-2019 16:58:13.0 [DEBUG] 
{
   "device": "web server2",
   "queueId": "456123",
   "labels": "IMPORTANT,NOTICE ",
   "channels": "sms,email",
   "address": " 226784512"
}
01-06-2019 16:58:13.0 [DEBUG] /subscribe 456123
01-06-2019 16:58:30.3 [INFO] Starting up Sequence...
01-06-2019 16:58:30.3 [INFO] WS Server started on PORT: 3003
01-06-2019 16:58:30.3 [INFO] Express Server started on PORT: 3005
01-06-2019 16:58:40.0 [INFO] Starting up Sequence...
01-06-2019 16:58:40.0 [INFO] WS Server started on PORT: 3003
01-06-2019 16:58:40.0 [INFO] Express Server started on PORT: 3005
01-06-2019 16:58:45.2 [INFO] Starting up Sequence...
01-06-2019 16:58:45.7 [INFO] WS Server started on PORT: 3003
01-06-2019 16:58:45.7 [INFO] Express Server started on PORT: 3005
01-06-2019 16:58:47.0 [DEBUG] 
{
   "device": "web server2",
   "queueId": "456123",
   "labels": "IMPORTANT,NOTICE ",
   "channels": "sms,email",
   "address": " 226784512"
}
01-06-2019 16:58:47.0 [DEBUG] /subscribe 456123
01-06-2019 16:58:47.0 [DEBUG] 
{
   "id": "456123",
   "channels": {
      "sms": [
         " 226784512"
      ],
      "email": [
         " 226784512"
      ]
   }
}
